Library/Bee/Android/Prj/IL2CPP/Gradle/launcher/build/intermediates/manifest_merge_blame_file/release/manifest-merger-blame-release-report.txt
1<?xml version="1.0" encoding="utf-8"?>
2<manifest xmlns:android="http://schemas.android.com/apk/res/android"
3    package="com.Graphy.Trails"
4    android:installLocation="preferExternal"
5    android:versionCode="1"
6    android:versionName="0.1" >
7
8    <uses-sdk
9        android:minSdkVersion="22"
9-->src/main/AndroidManifest.xml
10        android:targetSdkVersion="30" />
10-->src/main/AndroidManifest.xml
11
12    <supports-screens
12-->src/main/AndroidManifest.xml:3:3-163
13        android:anyDensity="true"
13-->src/main/AndroidManifest.xml:3:135-160
14        android:largeScreens="true"
14-->src/main/AndroidManifest.xml:3:78-105
15        android:normalScreens="true"
15-->src/main/AndroidManifest.xml:3:49-77
16        android:smallScreens="true"
16-->src/main/AndroidManifest.xml:3:21-48
17        android:xlargeScreens="true" />
17-->src/main/AndroidManifest.xml:3:106-134
18
19    <uses-feature android:glEsVersion="0x00030000" />
19-->[:unityLibrary] AndroidManifest.xml:12:5-54
19-->[:unityLibrary] AndroidManifest.xml:12:19-51
20    <uses-feature
20-->[:unityLibrary] AndroidManifest.xml:13:5-15:36
21        android:name="android.hardware.vulkan.version"
21-->[:unityLibrary] AndroidManifest.xml:14:9-55
22        android:required="false" />
22-->[:unityLibrary] AndroidManifest.xml:15:9-33
23
24    <uses-permission android:name="android.permission.INTERNET" />
24-->[:unityLibrary] AndroidManifest.xml:17:5-67
24-->[:unityLibrary] AndroidManifest.xml:17:22-64
25    <uses-permission android:name="android.permission.VIBRATE" />
25-->[:unityLibrary] AndroidManifest.xml:18:5-66
25-->[:unityLibrary] AndroidManifest.xml:18:22-63
26    <uses-permission android:name="android.permission.RECORD_AUDIO" />
26-->[:unityLibrary] AndroidManifest.xml:19:5-71
26-->[:unityLibrary] AndroidManifest.xml:19:22-68
27    <uses-permission android:name="android.permission.MODIFY_AUDIO_SETTINGS" />
27-->[:unityLibrary] AndroidManifest.xml:20:5-80
27-->[:unityLibrary] AndroidManifest.xml:20:22-77
28    <uses-permission android:name="android.permission.BLUETOOTH" />
28-->[:unityLibrary] AndroidManifest.xml:21:5-68
28-->[:unityLibrary] AndroidManifest.xml:21:22-65
29
30    <uses-feature
30-->[:unityLibrary] AndroidManifest.xml:23:5-25:36
31        android:name="android.hardware.microphone"
31-->[:unityLibrary] AndroidManifest.xml:24:9-51
32        android:required="false" />
32-->[:unityLibrary] AndroidManifest.xml:25:9-33
33    <uses-feature
33-->[:unityLibrary] AndroidManifest.xml:26:5-28:36
34        android:name="android.hardware.sensor.accelerometer"
34-->[:unityLibrary] AndroidManifest.xml:27:9-61
35        android:required="false" />
35-->[:unityLibrary] AndroidManifest.xml:28:9-33
36    <uses-feature
36-->[:unityLibrary] AndroidManifest.xml:29:5-31:36
37        android:name="android.hardware.touchscreen"
37-->[:unityLibrary] AndroidManifest.xml:30:9-52
38        android:required="false" />
38-->[:unityLibrary] AndroidManifest.xml:31:9-33
39    <uses-feature
39-->[:unityLibrary] AndroidManifest.xml:32:5-34:36
40        android:name="android.hardware.touchscreen.multitouch"
40-->[:unityLibrary] AndroidManifest.xml:33:9-63
41        android:required="false" />
41-->[:unityLibrary] AndroidManifest.xml:34:9-33
42    <uses-feature
42-->[:unityLibrary] AndroidManifest.xml:35:5-37:36
43        android:name="android.hardware.touchscreen.multitouch.distinct"
43-->[:unityLibrary] AndroidManifest.xml:36:9-72
44        android:required="false" />
44-->[:unityLibrary] AndroidManifest.xml:37:9-33
45
46    <application
46-->src/main/AndroidManifest.xml:4:3-83
47        android:extractNativeLibs="true"
47-->[:unityLibrary] AndroidManifest.xml:39:18-50
48        android:icon="@mipmap/app_icon"
48-->src/main/AndroidManifest.xml:4:49-80
49        android:label="@string/app_name" >
49-->src/main/AndroidManifest.xml:4:16-48
50        <activity
50-->[:unityLibrary] AndroidManifest.xml:40:9-57:20
51            android:name="com.unity3d.player.UnityPlayerActivity"
51-->[:unityLibrary] AndroidManifest.xml:41:13-66
52            android:configChanges="mcc|mnc|locale|touchscreen|keyboard|keyboardHidden|navigation|orientation|screenLayout|uiMode|screenSize|smallestScreenSize|fontScale|layoutDirection|density"
52-->[:unityLibrary] AndroidManifest.xml:42:13-194
53            android:hardwareAccelerated="false"
53-->[:unityLibrary] AndroidManifest.xml:43:13-48
54            android:launchMode="singleTask"
54-->[:unityLibrary] AndroidManifest.xml:44:13-44
55            android:resizeableActivity="false"
55-->[:unityLibrary] AndroidManifest.xml:45:13-47
56            android:screenOrientation="fullSensor"
56-->[:unityLibrary] AndroidManifest.xml:46:13-51
57            android:theme="@style/UnityThemeSelector" >
57-->[:unityLibrary] AndroidManifest.xml:47:13-54
58            <intent-filter>
58-->[:unityLibrary] AndroidManifest.xml:48:13-52:29
59                <action android:name="android.intent.action.MAIN" />
59-->[:unityLibrary] AndroidManifest.xml:49:17-69
59-->[:unityLibrary] AndroidManifest.xml:49:25-66
60
61                <category android:name="android.intent.category.LAUNCHER" />
61-->[:unityLibrary] AndroidManifest.xml:51:17-77
61-->[:unityLibrary] AndroidManifest.xml:51:27-74
62            </intent-filter>
63
64            <meta-data
64-->[:unityLibrary] AndroidManifest.xml:54:13-56:40
65                android:name="unityplayer.UnityActivity"
65-->[:unityLibrary] AndroidManifest.xml:55:17-57
66                android:value="true" />
66-->[:unityLibrary] AndroidManifest.xml:56:17-37
67        </activity>
68
69        <meta-data
69-->[:unityLibrary] AndroidManifest.xml:59:9-61:33
70            android:name="unity.splash-mode"
70-->[:unityLibrary] AndroidManifest.xml:60:13-45
71            android:value="0" />
71-->[:unityLibrary] AndroidManifest.xml:61:13-30
72        <meta-data
72-->[:unityLibrary] AndroidManifest.xml:62:9-64:36
73            android:name="unity.splash-enable"
73-->[:unityLibrary] AndroidManifest.xml:63:13-47
74            android:value="True" />
74-->[:unityLibrary] AndroidManifest.xml:64:13-33
75        <meta-data
75-->[:unityLibrary] AndroidManifest.xml:65:9-67:36
76            android:name="unity.launch-fullscreen"
76-->[:unityLibrary] AndroidManifest.xml:66:13-51
77            android:value="True" />
77-->[:unityLibrary] AndroidManifest.xml:67:13-33
78        <meta-data
78-->[:unityLibrary] AndroidManifest.xml:68:9-70:37
79            android:name="unity.allow-resizable-window"
79-->[:unityLibrary] AndroidManifest.xml:69:13-56
80            android:value="False" />
80-->[:unityLibrary] AndroidManifest.xml:70:13-34
81    </application>
82
83</manifest>